mode: atomic
conference/storage/conference.go:37.64,41.2 1 0
conference/storage/conference.go:43.74,49.2 1 0
conference/storage/conference.go:53.105,55.2 1 0
conference/storage/conference.go:57.105,59.2 1 0
conference/storage/conference.go:61.113,63.2 1 0
conference/storage/conference.go:65.97,67.2 1 0
conference/storage/conference.go:71.81,73.2 1 0
conference/storage/conference.go:75.102,77.2 1 0
conference/storage/conference.go:79.81,81.2 1 0
conference/storage/conference.go:85.93,87.2 1 0
conference/storage/conference.go:89.99,91.2 1 0
conference/storage/conference.go:93.76,95.2 1 0
conference/storage/conference.go:99.109,101.2 1 0
conference/storage/conference.go:103.103,105.2 1 0
conference/storage/conference.go:107.84,109.2 1 0
conference/storage/conference.go:111.81,113.2 1 0
conference/storage/conference.go:115.115,117.2 1 0
conference/storage/storage.go:9.21,11.2 1 0
conference/storage/user.go:20.52,24.2 1 0
conference/storage/user.go:26.62,32.2 1 0
conference/storage/user.go:34.75,36.2 1 0
conference/storage/user.go:38.76,42.2 1 0
conference/storage/user.go:44.75,46.2 1 0
conference/service/conference.go:27.66,31.2 1 0
conference/service/conference.go:35.111,42.2 1 6
conference/service/conference.go:44.111,54.2 1 6
conference/service/conference.go:58.86,66.2 1 0
conference/service/conference.go:68.86,79.2 1 0
conference/service/conference.go:83.102,90.2 1 0
conference/service/conference.go:92.78,94.2 1 0
conference/service/conference.go:96.114,103.2 1 0
conference/service/conference.go:105.86,107.2 1 0
conference/service/conference.go:111.103,113.2 1 0
conference/service/conference.go:117.96,119.2 1 0
conference/service/conference.go:123.116,125.2 1 0
conference/service/user.go:20.54,24.2 1 0
conference/service/user.go:26.86,29.15 2 0
conference/service/user.go:33.2,33.51 1 0
conference/service/user.go:40.2,42.8 1 0
conference/service/user.go:29.15,31.3 1 0
conference/service/user.go:33.51,35.3 1 0
conference/service/user.go:45.94,48.17 2 5
conference/service/user.go:52.2,57.15 2 5
conference/service/user.go:64.2,66.8 1 5
conference/service/user.go:48.17,50.3 1 0
conference/service/user.go:57.15,59.3 1 0
conference/service/user.go:69.57,71.2 1 0
conference/model/conference.go:114.47,121.2 1 6
conference/model/conference.go:123.47,131.2 1 6
conference/model/conference.go:133.41,141.2 1 6
conference/model/conference.go:143.41,152.2 1 6
conference/model/conference.go:154.41,160.2 1 5
conference/model/conference.go:162.45,168.2 1 5
conference/model/user.go:42.32,44.2 1 1
conference/model/user.go:47.35,49.2 1 1
conference/model/user.go:51.49,53.2 1 1
conference/model/user.go:55.35,57.2 1 2
conference/model/user.go:59.41,68.2 1 5
conference/model/user.go:70.40,77.2 1 6
