mode: atomic
conference/model/conference.go:59.51,61.2 1 0
conference/model/conference.go:63.45,65.2 1 0
conference/model/conference.go:67.48,69.2 1 0
conference/model/conference.go:71.52,73.2 1 0
conference/model/conference.go:75.52,77.2 1 0
conference/model/conference.go:81.52,83.2 1 0
conference/model/conference.go:85.46,87.2 1 0
conference/model/conference.go:89.49,91.2 1 0
conference/model/conference.go:93.53,95.2 1 0
conference/model/conference.go:97.53,99.2 1 0
conference/model/conference.go:199.45,205.2 1 0
conference/model/conference.go:208.38,214.2 1 0
conference/model/conference.go:216.44,218.2 1 0
conference/model/conference.go:220.47,227.2 1 6
conference/model/conference.go:229.47,237.2 1 6
conference/model/conference.go:239.41,247.2 1 6
conference/model/conference.go:249.41,258.2 1 6
conference/model/conference.go:260.41,264.2 1 0
conference/model/conference.go:266.41,272.2 1 5
conference/model/conference.go:274.45,280.2 1 5
conference/model/conference.go:282.44,287.2 1 0
conference/model/conference.go:289.45,293.2 1 0
conference/model/conference.go:295.48,300.2 1 0
conference/model/model.go:17.62,18.36 1 0
conference/model/model.go:18.36,19.16 1 0
conference/model/model.go:23.3,23.10 1 0
conference/model/model.go:30.3,31.43 2 0
conference/model/model.go:19.16,21.4 1 0
conference/model/model.go:24.23,25.18 1 0
conference/model/model.go:26.22,27.16 1 0
conference/model/user.go:48.32,50.2 1 1
conference/model/user.go:52.46,54.2 1 0
conference/model/user.go:57.35,59.2 1 1
conference/model/user.go:61.49,63.2 1 1
conference/model/user.go:65.35,67.2 1 2
conference/model/user.go:69.41,78.2 1 5
conference/model/user.go:80.40,87.2 1 6
conference/model/user.go:89.41,96.2 1 0
conference/storage/conference.go:37.64,41.2 1 0
conference/storage/conference.go:43.74,49.2 1 0
conference/storage/conference.go:53.105,55.2 1 0
conference/storage/conference.go:57.105,59.15 2 0
conference/storage/conference.go:62.2,62.25 1 0
conference/storage/conference.go:59.15,61.3 1 0
conference/storage/conference.go:65.113,68.2 2 0
conference/storage/conference.go:70.97,73.2 2 0
conference/storage/conference.go:77.81,79.2 1 0
conference/storage/conference.go:81.102,84.2 2 0
conference/storage/conference.go:86.81,88.15 2 0
conference/storage/conference.go:91.2,91.19 1 0
conference/storage/conference.go:88.15,90.3 1 0
conference/storage/conference.go:96.93,98.2 1 0
conference/storage/conference.go:100.102,103.2 2 0
conference/storage/conference.go:105.76,107.2 1 0
conference/storage/conference.go:111.109,113.2 1 0
conference/storage/conference.go:115.110,118.2 2 0
conference/storage/conference.go:120.84,122.2 1 0
conference/storage/conference.go:124.81,126.2 1 0
conference/storage/conference.go:128.115,131.2 2 0
conference/storage/storage.go:15.21,21.16 3 0
conference/storage/storage.go:25.2,28.3 2 0
conference/storage/storage.go:21.16,22.21 1 0
conference/storage/storage.go:31.40,34.15 2 0
conference/storage/storage.go:38.2,39.15 2 0
conference/storage/storage.go:43.2,44.15 2 0
conference/storage/storage.go:48.2,49.15 2 0
conference/storage/storage.go:52.2,53.15 2 0
conference/storage/storage.go:57.2,58.15 2 0
conference/storage/storage.go:62.2,62.12 1 0
conference/storage/storage.go:34.15,36.3 1 0
conference/storage/storage.go:39.15,41.3 1 0
conference/storage/storage.go:44.15,46.3 1 0
conference/storage/storage.go:49.15,51.3 1 0
conference/storage/storage.go:53.15,55.3 1 0
conference/storage/storage.go:58.15,60.3 1 0
conference/storage/user.go:20.52,24.2 1 0
conference/storage/user.go:26.62,32.2 1 0
conference/storage/user.go:34.75,36.2 1 0
conference/storage/user.go:38.76,41.2 2 0
conference/storage/user.go:43.75,47.2 3 0
